524  %studio_hide_wrapper;
605  /*****************************************************************************/
606  /* ViyaPgm_01: Create a CAS Connection & Start a CAS Session                 */
607  /*****************************************************************************/
608  
609  /*****************************************************************************/
610  /*  Set the options necessary for creating a connection to a CAS server.     */
611  /*  Once the options are set, the cas command connects the default session   */
612  /*  to the specified CAS server and CAS port, for example the default value  */
613  /*  is 5570.                                                                 */
614  /*****************************************************************************/
615  
616  /* options cashost="127.0.0.1" casport=5570; */
617  
618  /*****************************************************************************/
619  /*  Start a session named mySession using the existing CAS server connection */
620  /*  while allowing override of caslib, timeout (in seconds), and locale     */
621  /*  defaults.                                                                */
622  /*****************************************************************************/
623  
624  cas mySession sessopts=(caslib=casuser timeout=1800 locale="en_US" metrics=FALSE);
NOTE: The session MYSESSION connected successfully to Cloud Analytic Services sasserver.demo.sas.com using port 5570. The UUID is 
      c4b9a488-bdf2-5441-be1c-90449b34126b. The user is sasdemo and the active caslib is CASUSER(sasdemo).
NOTE: The SAS option SESSREF was updated with the value MYSESSION.
NOTE: The SAS macro _SESSREF_ was updated with the value MYSESSION.
NOTE: The session is using 0 workers.
NOTE: 'CASUSER(sasdemo)' is now the active caslib.
NOTE: The CAS statement request to update one or more session options for session MYSESSION completed.
625  
626  
627  %studio_hide_wrapper;

